<?xml version="1.0" encoding="UTF-8"?>
<!-- Generated by org.testng.reporters.JUnitXMLReporter -->
<testsuite ignored="0" hostname="Nathyal" failures="1" tests="1" name="Test" time="11.384" errors="0" timestamp="2024-12-18T12:13:24 IST">
  <testcase classname="testcases.tc_posting" name="ThisISpostingTestCase" time="6.845">
    <failure type="java.lang.Error" message="Unresolved compilation problem: 
	The method copyFile(File, File) is undefined for the type Files
">
      <![CDATA[java.lang.Error: Unresolved compilation problem: 
The method copyFile(File, File) is undefined for the type Files

at util.screensortcode.screensortmethod(screensortcode.java:39)
at testcases.BaseClass.screensortyes(BaseClass.java:90)
at testcases.tc_posting.ThisISpostingTestCase(tc_posting.java:35)
at java.base/java.util.ArrayList.forEach(ArrayList.java:1597)
... Removed 25 stack frames]]>
    </failure>
  </testcase> <!-- ThisISpostingTestCase -->
</testsuite> <!-- Test -->
