<?xml version="1.0" encoding="UTF-8"?>
<testng-results ignored="0" total="1" passed="1" failed="0" skipped="0">
  <reporter-output>
  </reporter-output>
  <suite started-at="2024-12-18T12:15:50 IST" name="Default suite" finished-at="2024-12-18T12:16:04 IST" duration-ms="13861">
    <groups>
    </groups>
    <test started-at="2024-12-18T12:15:50 IST" name="Default test" finished-at="2024-12-18T12:16:04 IST" duration-ms="13861">
      <class name="testcases.tc_posting">
        <test-method is-config="true" signature="setup()[pri:0, instance:testcases.tc_posting@7927bd9f]" started-at="2024-12-18T12:15:51 IST" name="setup" finished-at="2024-12-18T12:15:56 IST" duration-ms="4717" status="PASS">
          <reporter-output>
          </reporter-output>
        </test-method> <!-- setup -->
        <test-method signature="ThisISpostingTestCase()[pri:0, instance:testcases.tc_posting@7927bd9f]" started-at="2024-12-18T12:15:56 IST" name="ThisISpostingTestCase" finished-at="2024-12-18T12:16:04 IST" duration-ms="8108" status="PASS">
          <reporter-output>
          </reporter-output>
        </test-method> <!-- ThisISpostingTestCase -->
        <test-method is-config="true" signature="teardown()[pri:0, instance:testcases.tc_posting@7927bd9f]" started-at="2024-12-18T12:16:04 IST" name="teardown" finished-at="2024-12-18T12:16:04 IST" duration-ms="299" status="PASS">
          <reporter-output>
          </reporter-output>
        </test-method> <!-- teardown -->
      </class> <!-- testcases.tc_posting -->
    </test> <!-- Default test -->
  </suite> <!-- Default suite -->
</testng-results>
