<?xml version="1.0" encoding="UTF-8"?>
<testng-results ignored="0" total="1" passed="1" failed="0" skipped="0">
  <reporter-output>
  </reporter-output>
  <suite started-at="2024-12-18T14:15:37 IST" name="Suite" finished-at="2024-12-18T14:15:37 IST" duration-ms="47">
    <groups>
    </groups>
    <test started-at="2024-12-18T14:15:37 IST" name="Test" finished-at="2024-12-18T14:15:37 IST" duration-ms="47">
      <class name="testcases.learn">
        <test-method signature="m1()[pri:0, instance:testcases.learn@61322f9d]" started-at="2024-12-18T14:15:37 IST" name="m1" finished-at="2024-12-18T14:15:37 IST" duration-ms="10" status="PASS">
          <reporter-output>
          </reporter-output>
        </test-method> <!-- m1 -->
      </class> <!-- testcases.learn -->
    </test> <!-- Test -->
  </suite> <!-- Suite -->
</testng-results>
